<?xml version="1.0" encoding="UTF-8"?>
<!-- Generated by org.testng.reporters.JUnitReportReporter -->
<testsuite hostname="LAPTOP-MU73VCAM" failures="0" tests="6" name="servusTest.TestClass" time="1.339" errors="0" timestamp="2020-02-04T00:35:51 PST" skipped="0">
  <testcase classname="servusTest.TestClass" name="Test1" time="0.303"/>
  <testcase classname="servusTest.TestClass" name="Test2" time="0.097"/>
  <testcase classname="servusTest.TestClass" name="Test3" time="0.148"/>
  <testcase classname="servusTest.TestClass" name="Test5" time="0.651"/>
  <testcase classname="servusTest.TestClass" name="Test4" time="0.071"/>
  <testcase classname="servusTest.TestClass" name="Test6" time="0.069"/>
</testsuite> <!-- servusTest.TestClass -->
